{"name": "test_valid_login", "status": "broken", "statusDetails": {"message": "selenium.common.exceptions.NoSuchElementException: Message: no such element: Unable to locate element: {\"method\":\"xpath\",\"selector\":\"//input[@name='username']\"}\n  (Session info: chrome=131.0.6778.139); For documentation on this error, please visit: https://www.selenium.dev/documentation/webdriver/troubleshooting/errors#no-such-element-exception\nStacktrace:\n\tGetHandleVerifier [0x00007FF79D156CC5+28821]\n\t(No symbol) [0x00007FF79D0C3850]\n\t(No symbol) [0x00007FF79CF6578A]\n\t(No symbol) [0x00007FF79CFB91BE]\n\t(No symbol) [0x00007FF79CFB94AC]\n\t(No symbol) [0x00007FF79D002647]\n\t(No symbol) [0x00007FF79CFDF33F]\n\t(No symbol) [0x00007FF79CFFF412]\n\t(No symbol) [0x00007FF79CFDF0A3]\n\t(No symbol) [0x00007FF79CFAA778]\n\t(No symbol) [0x00007FF79CFAB8E1]\n\tGetHandleVerifier [0x00007FF79D48FCCD+3408029]\n\tGetHandleVerifier [0x00007FF79D4A743F+3504143]\n\tGetHandleVerifier [0x00007FF79D49B61D+3455469]\n\tGetHandleVerifier [0x00007FF79D21BDCB+835995]\n\t(No symbol) [0x00007FF79D0CEB6F]\n\t(No symbol) [0x00007FF79D0CA824]\n\t(No symbol) [0x00007FF79D0CA9BD]\n\t(No symbol) [0x00007FF79D0BA1A9]\n\tBaseThreadInitThunk [0x00007FFBF4257374+20]\n\tRtlUserThreadStart [0x00007FFBF4A1CC91+33]", "trace": "self = <testcases.test_loginpage.TestLogin object at 0x00000174E2571520>\n\n    def test_valid_login(self):\n        lp = LoginPage(self.driver)\n>       lp.login(\"Admin\",\"admin123\")\n\ntest_loginpage.py:15: \n_ _ _ _ _ _ _ _ _ _ _ _ _ _ _ _ _ _ _ _ _ _ _ _ _ _ _ _ _ _ _ _ _ _ _ _ _ _ _ _ _ _ _ _ _ _ _ _ _ _ _ _ _ _ _ _ _ _ _ _ _ _ _ _ _ _ _ _ _ _ _ _ _ _ _ _ _ _ _\n..\\pages\\loginpage.py:27: in login\n    self.enterUsername(username)\n..\\pages\\loginpage.py:17: in enterUsername\n    self.driver.find_element(By.XPATH, self.username).send_keys(username)\n..\\.venv\\Lib\\site-packages\\selenium\\webdriver\\remote\\webdriver.py:770: in find_element\n    return self.execute(Command.FIND_ELEMENT, {\"using\": by, \"value\": value})[\"value\"]\n..\\.venv\\Lib\\site-packages\\selenium\\webdriver\\remote\\webdriver.py:384: in execute\n    self.error_handler.check_response(response)\n_ _ _ _ _ _ _ _ _ _ _ _ _ _ _ _ _ _ _ _ _ _ _ _ _ _ _ _ _ _ _ _ _ _ _ _ _ _ _ _ _ _ _ _ _ _ _ _ _ _ _ _ _ _ _ _ _ _ _ _ _ _ _ _ _ _ _ _ _ _ _ _ _ _ _ _ _ _ _\n\nself = <selenium.webdriver.remote.errorhandler.ErrorHandler object at 0x00000174E28929C0>\nresponse = {'status': 404, 'value': '{\"value\":{\"error\":\"no such element\",\"message\":\"no such element: Unable to locate element: {\\...07FF79D0BA1A9]\\\\n\\\\tBaseThreadInitThunk [0x00007FFBF4257374+20]\\\\n\\\\tRtlUserThreadStart [0x00007FFBF4A1CC91+33]\\\\n\"}}'}\n\n    def check_response(self, response: Dict[str, Any]) -> None:\n        \"\"\"Checks that a JSON response from the WebDriver does not have an\n        error.\n    \n        :Args:\n         - response - The JSON response from the WebDriver server as a dictionary\n           object.\n    \n        :Raises: If the response contains an error message.\n        \"\"\"\n        status = response.get(\"status\", None)\n        if not status or status == ErrorCode.SUCCESS:\n            return\n        value = None\n        message = response.get(\"message\", \"\")\n        screen: str = response.get(\"screen\", \"\")\n        stacktrace = None\n        if isinstance(status, int):\n            value_json = response.get(\"value\", None)\n            if value_json and isinstance(value_json, str):\n                import json\n    \n                try:\n                    value = json.loads(value_json)\n                    if len(value) == 1:\n                        value = value[\"value\"]\n                    status = value.get(\"error\", None)\n                    if not status:\n                        status = value.get(\"status\", ErrorCode.UNKNOWN_ERROR)\n                        message = value.get(\"value\") or value.get(\"message\")\n                        if not isinstance(message, str):\n                            value = message\n                            message = message.get(\"message\")\n                    else:\n                        message = value.get(\"message\", None)\n                except ValueError:\n                    pass\n    \n        exception_class: Type[WebDriverException]\n        e = ErrorCode()\n        error_codes = [item for item in dir(e) if not item.startswith(\"__\")]\n        for error_code in error_codes:\n            error_info = getattr(ErrorCode, error_code)\n            if isinstance(error_info, list) and status in error_info:\n                exception_class = getattr(ExceptionMapping, error_code, WebDriverException)\n                break\n        else:\n            exception_class = WebDriverException\n    \n        if not value:\n            value = response[\"value\"]\n        if isinstance(value, str):\n            raise exception_class(value)\n        if message == \"\" and \"message\" in value:\n            message = value[\"message\"]\n    \n        screen = None  # type: ignore[assignment]\n        if \"screen\" in value:\n            screen = value[\"screen\"]\n    \n        stacktrace = None\n        st_value = value.get(\"stackTrace\") or value.get(\"stacktrace\")\n        if st_value:\n            if isinstance(st_value, str):\n                stacktrace = st_value.split(\"\\n\")\n            else:\n                stacktrace = []\n                try:\n                    for frame in st_value:\n                        line = frame.get(\"lineNumber\", \"\")\n                        file = frame.get(\"fileName\", \"<anonymous>\")\n                        if line:\n                            file = f\"{file}:{line}\"\n                        meth = frame.get(\"methodName\", \"<anonymous>\")\n                        if \"className\" in frame:\n                            meth = f\"{frame['className']}.{meth}\"\n                        msg = \"    at %s (%s)\"\n                        msg = msg % (meth, file)\n                        stacktrace.append(msg)\n                except TypeError:\n                    pass\n        if exception_class == UnexpectedAlertPresentException:\n            alert_text = None\n            if \"data\" in value:\n                alert_text = value[\"data\"].get(\"text\")\n            elif \"alert\" in value:\n                alert_text = value[\"alert\"].get(\"text\")\n            raise exception_class(message, screen, stacktrace, alert_text)  # type: ignore[call-arg]  # mypy is not smart enough here\n>       raise exception_class(message, screen, stacktrace)\nE       selenium.common.exceptions.NoSuchElementException: Message: no such element: Unable to locate element: {\"method\":\"xpath\",\"selector\":\"//input[@name='username']\"}\nE         (Session info: chrome=131.0.6778.139); For documentation on this error, please visit: https://www.selenium.dev/documentation/webdriver/troubleshooting/errors#no-such-element-exception\nE       Stacktrace:\nE       \tGetHandleVerifier [0x00007FF79D156CC5+28821]\nE       \t(No symbol) [0x00007FF79D0C3850]\nE       \t(No symbol) [0x00007FF79CF6578A]\nE       \t(No symbol) [0x00007FF79CFB91BE]\nE       \t(No symbol) [0x00007FF79CFB94AC]\nE       \t(No symbol) [0x00007FF79D002647]\nE       \t(No symbol) [0x00007FF79CFDF33F]\nE       \t(No symbol) [0x00007FF79CFFF412]\nE       \t(No symbol) [0x00007FF79CFDF0A3]\nE       \t(No symbol) [0x00007FF79CFAA778]\nE       \t(No symbol) [0x00007FF79CFAB8E1]\nE       \tGetHandleVerifier [0x00007FF79D48FCCD+3408029]\nE       \tGetHandleVerifier [0x00007FF79D4A743F+3504143]\nE       \tGetHandleVerifier [0x00007FF79D49B61D+3455469]\nE       \tGetHandleVerifier [0x00007FF79D21BDCB+835995]\nE       \t(No symbol) [0x00007FF79D0CEB6F]\nE       \t(No symbol) [0x00007FF79D0CA824]\nE       \t(No symbol) [0x00007FF79D0CA9BD]\nE       \t(No symbol) [0x00007FF79D0BA1A9]\nE       \tBaseThreadInitThunk [0x00007FFBF4257374+20]\nE       \tRtlUserThreadStart [0x00007FFBF4A1CC91+33]\n\n..\\.venv\\Lib\\site-packages\\selenium\\webdriver\\remote\\errorhandler.py:232: NoSuchElementException"}, "start": 1734026088473, "stop": 1734026090503, "uuid": "8d7561d4-1d32-4b9d-bf7d-a8a6c743cc7b", "historyId": "aac224e7cd2fe1bd8858309ff2cb86d7", "testCaseId": "aac224e7cd2fe1bd8858309ff2cb86d7", "fullName": "test_loginpage.TestLogin#test_valid_login", "labels": [{"name": "tag", "value": "@pytest.mark.usefixtures('setUp')"}, {"name": "suite", "value": "test_loginpage"}, {"name": "subSuite", "value": "TestLogin"}, {"name": "host", "value": "IB-SEZ-LAP-799"}, {"name": "thread", "value": "3868-MainThread"}, {"name": "framework", "value": "pytest"}, {"name": "language", "value": "cpython3"}, {"name": "package", "value": "test_loginpage"}]}